
=== [1/132] mdb-2 ===
[skip] mdb-2 already ingested

=== [2/132] mdb-3 ===
[skip] mdb-3 already ingested

=== [3/132] mdb-286 ===
[skip] mdb-286 already ingested

=== [4/132] mdb-689 ===
[skip] mdb-689 already ingested

=== [5/132] mdb-690 ===
[skip] mdb-690 already ingested

=== [6/132] mdb-696 ===
[skip] mdb-696 already ingested

=== [7/132] mdb-710 ===
[skip] mdb-710 already ingested

=== [8/132] mdb-712 ===
[skip] mdb-712 already ingested

=== [9/132] mdb-714 ===
[skip] mdb-714 already ingested

=== [10/132] mdb-715 ===
[skip] mdb-715 already ingested

=== [11/132] mdb-717 ===
[skip] mdb-717 already ingested

=== [12/132] mdb-718 ===
[skip] mdb-718 already ingested

=== [13/132] mdb-720 ===
[skip] mdb-720 already ingested

=== [14/132] mdb-721 ===
[skip] mdb-721 already ingested

=== [15/132] mdb-724 ===
[skip] mdb-724 already ingested

=== [16/132] mdb-725 ===
[skip] mdb-725 already ingested

=== [17/132] mdb-726 ===
[skip] mdb-726 already ingested

=== [18/132] mdb-728 ===
[skip] mdb-728 already ingested

=== [19/132] mdb-730 ===
[skip] mdb-730 already ingested

=== [20/132] mdb-732 ===
[skip] mdb-732 already ingested

=== [21/132] mdb-733 ===
[skip] mdb-733 already ingested

=== [22/132] mdb-734 ===
[skip] mdb-734 already ingested

=== [23/132] mdb-735 ===
[skip] mdb-735 already ingested

=== [24/132] mdb-736 ===
[skip] mdb-736 already ingested

=== [25/132] mdb-737 ===
[skip] mdb-737 already ingested

=== [26/132] mdb-739 ===
[skip] mdb-739 already ingested

=== [27/132] mdb-740 ===
[skip] mdb-740 already ingested

=== [28/132] mdb-741 ===
[skip] mdb-741 already ingested

=== [29/132] mdb-742 ===
[skip] mdb-742 already ingested

=== [30/132] mdb-743 ===
[skip] mdb-743 already ingested

=== [31/132] mdb-744 ===
[skip] mdb-744 already ingested

=== [32/132] mdb-748 ===
[skip] mdb-748 already ingested

=== [33/132] mdb-749 ===
[skip] mdb-749 already ingested

=== [34/132] mdb-750 ===
[skip] mdb-750 already ingested

=== [35/132] mdb-751 ===
[skip] mdb-751 already ingested

=== [36/132] mdb-752 ===
[skip] mdb-752 already ingested

=== [37/132] mdb-753 ===
[skip] mdb-753 already ingested

=== [38/132] mdb-754 ===
[skip] mdb-754 already ingested

=== [39/132] mdb-755 ===
[skip] mdb-755 already ingested

=== [40/132] mdb-757 ===
[skip] mdb-757 already ingested

=== [41/132] mdb-758 ===
[skip] mdb-758 already ingested

=== [42/132] mdb-759 ===
[skip] mdb-759 already ingested

=== [43/132] mdb-761 ===
[skip] mdb-761 already ingested

=== [44/132] mdb-763 ===
[skip] mdb-763 already ingested

=== [45/132] mdb-1111 ===
[skip] mdb-1111 already ingested

=== [46/132] mdb-1806 ===
[fetch] mdb-1806 (Miramichi Transit / Miramichi / New Brunswick)
[fail] mdb-1806 (Miramichi Transit / Miramichi / New Brunswick): download error HTTP Error 404: Not Found

=== [47/132] mdb-1858 ===
[skip] mdb-1858 already ingested

=== [48/132] mdb-1991 ===
[skip] mdb-1991 already ingested

=== [49/132] mdb-1992 ===
[skip] mdb-1992 already ingested

=== [50/132] mdb-1993 ===
[skip] mdb-1993 already ingested

=== [51/132] mdb-1994 ===
[skip] mdb-1994 already ingested

=== [52/132] mdb-1995 ===
[skip] mdb-1995 already ingested

=== [53/132] mdb-1996 ===
[skip] mdb-1996 already ingested

=== [54/132] mdb-2031 ===
[skip] mdb-2031 already ingested

=== [55/132] mdb-2131 ===
[skip] mdb-2131 already ingested

=== [56/132] mdb-2132 ===
[skip] mdb-2132 already ingested

=== [57/132] mdb-2142 ===
[skip] mdb-2142 already ingested

=== [58/132] mdb-2276 ===
[skip] mdb-2276 already ingested

=== [59/132] mdb-2379 ===
[skip] mdb-2379 already ingested

=== [60/132] mdb-2389 ===
[skip] mdb-2389 already ingested

=== [61/132] mdb-2417 ===
[skip] mdb-2417 already ingested

=== [62/132] mdb-2460 ===
[skip] mdb-2460 already ingested

=== [63/132] mdb-2462 ===
[skip] mdb-2462 already ingested

=== [64/132] mdb-2463 ===
[skip] mdb-2463 already ingested

=== [65/132] mdb-2464 ===
[skip] mdb-2464 already ingested

=== [66/132] mdb-2466 ===
[skip] mdb-2466 already ingested

=== [67/132] mdb-2467 ===
[skip] mdb-2467 already ingested

=== [68/132] mdb-2468 ===
[skip] mdb-2468 already ingested

=== [69/132] mdb-2469 ===
[skip] mdb-2469 already ingested

=== [70/132] mdb-2470 ===
[skip] mdb-2470 already ingested

=== [71/132] mdb-2471 ===
[skip] mdb-2471 already ingested

=== [72/132] mdb-2472 ===
[skip] mdb-2472 already ingested

=== [73/132] mdb-2473 ===
[skip] mdb-2473 already ingested

=== [74/132] mdb-2508 ===
[skip] mdb-2508 already ingested

=== [75/132] mdb-2510 ===
[skip] mdb-2510 already ingested

=== [76/132] mdb-2514 ===
[skip] mdb-2514 already ingested

=== [77/132] mdb-2515 ===
[skip] mdb-2515 already ingested

=== [78/132] mdb-2520 ===
[skip] mdb-2520 already ingested

=== [79/132] mdb-2524 ===
[skip] mdb-2524 already ingested

=== [80/132] mdb-2528 ===
[skip] mdb-2528 already ingested

=== [81/132] mdb-2529 ===
[skip] mdb-2529 already ingested

=== [82/132] mdb-2532 ===
[skip] mdb-2532 already ingested

=== [83/132] mdb-2536 ===
[skip] mdb-2536 already ingested

=== [84/132] mdb-2543 ===
[skip] mdb-2543 already ingested

=== [85/132] mdb-2547 ===
[skip] mdb-2547 already ingested

=== [86/132] mdb-2551 ===
[skip] mdb-2551 already ingested

=== [87/132] mdb-2555 ===
[skip] mdb-2555 already ingested

=== [88/132] mdb-2563 ===
[skip] mdb-2563 already ingested

=== [89/132] mdb-2567 ===
[skip] mdb-2567 already ingested

=== [90/132] mdb-2571 ===
[skip] mdb-2571 already ingested

=== [91/132] mdb-2575 ===
[skip] mdb-2575 already ingested

=== [92/132] mdb-2579 ===
[skip] mdb-2579 already ingested

=== [93/132] mdb-2583 ===
[skip] mdb-2583 already ingested

=== [94/132] mdb-2587 ===
[skip] mdb-2587 already ingested

=== [95/132] mdb-2591 ===
[skip] mdb-2591 already ingested

=== [96/132] mdb-2603 ===
[skip] mdb-2603 already ingested

=== [97/132] mdb-2618 ===
[skip] mdb-2618 already ingested

=== [98/132] tld-857 ===
[skip] tld-857 already ingested

=== [99/132] tld-859 ===
[skip] tld-859 already ingested

=== [100/132] tld-4682 ===
[skip] tld-4682 already ingested

=== [101/132] tld-4683 ===
[skip] tld-4683 already ingested

=== [102/132] tld-4684 ===
[fetch] tld-4684 (PC Connect Transit System / Kitchener / Ontario)
[fail] tld-4684 (PC Connect Transit System / Kitchener / Ontario): download error HTTP Error 404: Not Found

=== [103/132] tld-4685 ===
[skip] tld-4685 already ingested

=== [104/132] tld-4690 ===
[skip] tld-4690 already ingested

=== [105/132] tld-4700 ===
[skip] tld-4700 already ingested

=== [106/132] tld-4704 ===
[skip] tld-4704 already ingested

=== [107/132] tld-4708 ===
[fetch] tld-4708 (Yellowknife Transit / Yellowknife / Northwest Territories)
[fail] tld-4708 (Yellowknife Transit / Yellowknife / Northwest Territories): download error <urlopen error timed out>

=== [108/132] tld-4732 ===
[skip] tld-4732 already ingested

=== [109/132] tld-4738 ===
[skip] tld-4738 already ingested

=== [110/132] tld-4740 ===
[skip] tld-4740 already ingested

=== [111/132] tld-4742 ===
[skip] tld-4742 already ingested

=== [112/132] tld-4744 ===
[skip] tld-4744 already ingested

=== [113/132] tld-4746 ===
[skip] tld-4746 already ingested

=== [114/132] tld-4748 ===
[skip] tld-4748 already ingested

=== [115/132] tld-4750 ===
[skip] tld-4750 already ingested

=== [116/132] tld-4761 ===
[skip] tld-4761 already ingested

=== [117/132] tld-4817 ===
[skip] tld-4817 already ingested

=== [118/132] tld-4819 ===
[fetch] tld-4819 (Airdrie Transit / Calgary / Alberta)
[fail] tld-4819 (Airdrie Transit / Calgary / Alberta): download returned near-empty body

=== [119/132] tld-4820 ===
[skip] tld-4820 already ingested

=== [120/132] tld-4821 ===
[skip] tld-4821 already ingested

=== [121/132] tld-5509_1 ===
[fetch] tld-5509_1 (Prince Albert Transit / Prince Albert / Saskatchewan)
[fail] tld-5509_1 (Prince Albert Transit / Prince Albert / Saskatchewan): download error HTTP Error 404: Not Found

=== [122/132] tld-5552 ===
[skip] tld-5552 already ingested

=== [123/132] tld-5630 ===
[skip] tld-5630 already ingested

=== [124/132] tld-5721 ===
[fetch] tld-5721 (Orléans Express / La Malbaie / Quebec)
[validate] tld-5721 (Orléans Express / La Malbaie / Quebec)  (0.0 MB, 0.2s download)
[OK   ] required-files
[OK   ] stop-coordinates
         info:  126 stops total
[OK   ] route-types
         info:  23 routes total
[OK   ] stop-times-sorted-by-trip
         info:  618 stop_time rows across 102 trips
[OK   ] stop-time-fields
[WARN ] referential-integrity
         warn:  4 stop_times reference unknown stop_id (sample: ['743', '740', '740', '743']) — row dropped by build
[OK   ] calendar-fields
         info:  127 calendar rows, 0 calendar_dates rows
[OK   ] direction-ids
[OK   ] feed-freshness
         info:  calendar covers 20260416..20260601

RESULT: warnings only — ingest should work but review output
[ingest] tld-5721 (Orléans Express / La Malbaie / Quebec)
  [tld-5721] opening /tmp/tmp9av4aim1.zip
    agency: 2
    routes: 23
    stops: 126
    services: 127
    calendar_dates: 0
[K    shapes: 0 (0 points, 0.0s)
    trips: 102
[K    stop_times: 614  patterns: 59  trips: 102  blobs: 66  headsigns: 21  dropped: 0  (0.0s)
  VACUUM…
  ANALYZE…
  → data/schedule.sqlite

=== [125/132] tld-5722 ===
[skip] tld-5722 already ingested

=== [126/132] tld-5869 ===
[skip] tld-5869 already ingested

=== [127/132] tld-5874 ===
[skip] tld-5874 already ingested

=== [128/132] tld-5875 ===
[fetch] tld-5875 (Middlesex County Connect / London / Ontario)
[fail] tld-5875 (Middlesex County Connect / London / Ontario): download body is not a zip file

=== [129/132] tld-6692 ===
[fetch] tld-6692 (MRC du Haut-Saint-Laurent / Ormstown / Quebec)
[fail] tld-6692 (MRC du Haut-Saint-Laurent / Ormstown / Quebec): download body is not a zip file

=== [130/132] tld-6711 ===
[skip] tld-6711 already ingested

=== [131/132] tld-6756 ===
[skip] tld-6756 already ingested

=== [132/132] stm ===
[skip] stm already ingested

=== done: ok=1, skipped=124, download_failed=7, validation_failed=0, ingest_failed=0 ===
